TN:
SF:src\presentation\controllers\signup\signup-protocols.ts
FN:1,(empty-report)
FNF:1
FNH:0
FNDA:0,(empty-report)
DA:1,0
DA:2,0
DA:3,0
DA:4,0
LF:4
LH:0
BRDA:1,0,0,0
BRF:1
BRH:0
end_of_record
TN:
SF:src\presentation\controllers\signup\signup.ts
FN:9,SignUpController
FN:14,handle
FNF:2
FNH:2
FNDA:9,SignUpController
FNDA:9,handle
DA:1,1
DA:2,1
DA:3,1
DA:4,1
DA:5,1
DA:6,1
DA:7,1
DA:8,1
DA:9,1
DA:10,9
DA:11,9
DA:12,9
DA:13,1
DA:14,1
DA:15,9
DA:16,9
DA:17,9
DA:18,9
DA:19,30
DA:20,4
DA:21,4
DA:22,30
DA:23,5
DA:24,9
DA:25,1
DA:26,1
DA:27,4
DA:28,4
DA:29,9
DA:30,1
DA:31,1
DA:32,2
DA:33,2
DA:34,2
DA:35,2
DA:36,2
DA:37,2
DA:38,2
DA:39,2
DA:40,2
DA:41,2
DA:42,2
DA:43,2
DA:44,9
DA:45,1
DA:46,1
DA:47,1
DA:48,9
DA:49,1
LF:49
LH:49
BRDA:9,0,0,9
BRDA:14,1,0,9
BRDA:18,2,0,30
BRDA:19,3,0,4
BRDA:23,4,0,5
BRDA:24,5,0,1
BRDA:27,6,0,4
BRDA:29,7,0,1
BRDA:32,8,0,2
BRDA:44,9,0,1
BRF:10
BRH:10
end_of_record
TN:
SF:src\presentation\errors\index.ts
FNF:0
FNH:0
DA:1,1
DA:2,1
DA:3,1
LF:3
LH:3
BRF:0
BRH:0
end_of_record
TN:
SF:src\presentation\protocols\index.ts
FN:1,(empty-report)
FNF:1
FNH:0
FNDA:0,(empty-report)
DA:1,0
DA:2,0
LF:2
LH:0
BRDA:1,0,0,0
BRF:1
BRH:0
end_of_record
