TN:
SF:src\presentation\controllers\signup\signup-protocols.ts
FN:1,(empty-report)
FNF:1
FNH:0
FNDA:0,(empty-report)
DA:1,0
DA:2,0
DA:3,0
DA:4,0
LF:4
LH:0
BRDA:1,0,0,0
BRF:1
BRH:0
end_of_record
TN:
SF:src\presentation\controllers\signup\signup.ts
FN:9,SignUpController
FN:14,handle
FNF:2
FNH:2
FNDA:10,SignUpController
FNDA:10,handle
DA:1,1
DA:2,1
DA:3,1
DA:4,1
DA:5,1
DA:6,1
DA:7,1
DA:8,1
DA:9,1
DA:10,10
DA:11,10
DA:12,10
DA:13,1
DA:14,1
DA:15,10
DA:16,10
DA:17,10
DA:18,10
DA:19,34
DA:20,4
DA:21,4
DA:22,34
DA:23,6
DA:24,10
DA:25,1
DA:26,1
DA:27,5
DA:28,5
DA:29,10
DA:30,1
DA:31,1
DA:32,3
DA:33,3
DA:34,3
DA:35,3
DA:36,3
DA:37,3
DA:38,3
DA:39,3
DA:40,3
DA:41,3
DA:42,3
DA:43,3
DA:44,10
DA:45,2
DA:46,2
DA:47,2
DA:48,10
DA:49,1
LF:49
LH:49
BRDA:9,0,0,10
BRDA:14,1,0,10
BRDA:18,2,0,34
BRDA:19,3,0,4
BRDA:23,4,0,6
BRDA:24,5,0,1
BRDA:27,6,0,5
BRDA:29,7,0,1
BRDA:32,8,0,3
BRDA:44,9,0,2
BRF:10
BRH:10
end_of_record
TN:
SF:src\presentation\errors\index.ts
FNF:0
FNH:0
DA:1,1
DA:2,1
DA:3,1
LF:3
LH:3
BRF:0
BRH:0
end_of_record
